Scores using all features:
Fold 1:  Sitename:PR-xGU R2 train score: -0.5009496907825637  R2 test Score: -0.49400259345333697   MSE: 0.8146712865932142
Fold 2:  Sitename:PR-xLA R2 train score: -0.49713875264357554  R2 test Score: -0.49769053813771746   MSE: 0.8127146220738222
Fold 3:  Sitename:US-xAB R2 train score: -0.49770396153598817  R2 test Score: -0.5057592135314892   MSE: 0.8117604826347524
Fold 4:  Sitename:US-xAE R2 train score: -0.49871780491509266  R2 test Score: -0.4935456853796525   MSE: 0.8144902140971331
Fold 5:  Sitename:US-xBA R2 train score: -0.5011247859633678  R2 test Score: -0.5050060158406524   MSE: 0.8153005827848923


Stepwise Regression with Sklearn LinearRegression
Top 1 Features: ['PPFD.1']
Top 1 Scores:
Fold 1:  Sitename:PR-xGU R2 Score: -9.865078982094014   MSE: 1.2440440094886627
Fold 2:  Sitename:PR-xLA R2 Score: -9.840127137087082   MSE: 1.2400539318068176
Fold 3:  Sitename:US-xAB R2 Score: -9.842194091154724   MSE: 1.2384188430191978
Fold 4:  Sitename:US-xAE R2 Score: -9.865575346589408   MSE: 1.243232651472784
Fold 5:  Sitename:US-xBA R2 Score: -9.878156463287768   MSE: 1.2424820521878983


Top 6 Features: ['TS_2_7_1' 'TS_3_6_1' 'TS_3_7_1' 'PPFD.1' 'PPFD_BC_IN_3_1_1' 'Rh']
Top 6 Scores:
Fold 1:  Sitename:PR-xGU R2 Score: -2.5111912879467915   MSE: 1.0567611150593321
Fold 2:  Sitename:PR-xLA R2 Score: -2.508001132094081   MSE: 1.0539634594935925
Fold 3:  Sitename:US-xAB R2 Score: -2.495318633982875   MSE: 1.0526347779387908
Fold 4:  Sitename:US-xAE R2 Score: -2.5074861301193   MSE: 1.0563014666477826
Fold 5:  Sitename:US-xBA R2 Score: -2.509422522525609   MSE: 1.0557614296867


Top 11 Features: ['HOUR' 'TS_2_7_1' 'TS_3_6_1' 'TS_3_7_1' 'TS_5_7_1' 'PPFD.1'
 'PPFD_BC_IN_1_1_1' 'PPFD_BC_IN_3_1_1' 'NETRAD' 'Rh' 'Rg']
Top 11 Scores:
Fold 1:  Sitename:PR-xGU R2 Score: -1.734958998723227   MSE: 0.9944544625046648
Fold 2:  Sitename:PR-xLA R2 Score: -1.7301558474932097   MSE: 0.9913342470479669
Fold 3:  Sitename:US-xAB R2 Score: -1.723088569138584   MSE: 0.990675193182543
Fold 4:  Sitename:US-xAE R2 Score: -1.733673084136647   MSE: 0.9940554766318069
Fold 5:  Sitename:US-xBA R2 Score: -1.7389482251112978   MSE: 0.9928308262603174


Top 16 Features: ['HOUR' 'TS_2_7_1' 'TS_2_8_1' 'TS_2_9_1' 'TS_3_6_1' 'TS_3_7_1' 'TS_5_7_1'
 'PPFD.1' 'PPFD_BC_IN_1_1_1' 'PPFD_BC_IN_2_1_1' 'PPFD_BC_IN_3_1_1'
 'Tair.1' 'Tair.4' 'NETRAD' 'Rh' 'Rg']
Top 16 Scores:
Fold 1:  Sitename:PR-xGU R2 Score: -1.4681814546693177   MSE: 0.9663098994293294
Fold 2:  Sitename:PR-xLA R2 Score: -1.4603575996173914   MSE: 0.9634610906898301
Fold 3:  Sitename:US-xAB R2 Score: -1.4562403486246724   MSE: 0.9627577933112921
Fold 4:  Sitename:US-xAE R2 Score: -1.468164951223312   MSE: 0.9659353357502167
Fold 5:  Sitename:US-xBA R2 Score: -1.470994715107806   MSE: 0.9647019582620018


Top 21 Features: ['HOUR' 'TS_1_3_1' 'TS_2_1_1' 'TS_2_2_1' 'TS_2_7_1' 'TS_2_8_1' 'TS_2_9_1'
 'TS_3_6_1' 'TS_3_7_1' 'TS_4_6_1' 'TS_5_1_1' 'TS_5_7_1' 'PPFD.1'
 'PPFD_BC_IN_1_1_1' 'PPFD_BC_IN_2_1_1' 'PPFD_BC_IN_3_1_1' 'Tair.1'
 'Tair.4' 'NETRAD' 'Rh' 'Rg']
Top 21 Scores:
Fold 1:  Sitename:PR-xGU R2 Score: -1.1417587567245344   MSE: 0.9257390175871063
Fold 2:  Sitename:PR-xLA R2 Score: -1.1361832350895695   MSE: 0.9229320591757965
Fold 3:  Sitename:US-xAB R2 Score: -1.1339312710002871   MSE: 0.9225372919938801
Fold 4:  Sitename:US-xAE R2 Score: -1.1409575039371598   MSE: 0.9253381801889643
Fold 5:  Sitename:US-xBA R2 Score: -1.1460199048962094   MSE: 0.9240538918325262


Top 26 Features: ['YEAR' 'HOUR' 'TS_1_3_1' 'TS_1_7_1' 'TS_2_1_1' 'TS_2_2_1' 'TS_2_6_1'
 'TS_2_7_1' 'TS_2_8_1' 'TS_2_9_1' 'TS_3_6_1' 'TS_3_7_1' 'TS_3_9_1'
 'TS_4_3_1' 'TS_4_6_1' 'TS_5_1_1' 'TS_5_7_1' 'PPFD.1' 'PPFD_BC_IN_1_1_1'
 'PPFD_BC_IN_2_1_1' 'PPFD_BC_IN_3_1_1' 'Tair.1' 'Tair.4' 'NETRAD' 'Rh'
 'Rg']
Top 26 Scores:
Fold 1:  Sitename:PR-xGU R2 Score: -0.8480619824381705   MSE: 0.8809446915313913
Fold 2:  Sitename:PR-xLA R2 Score: -0.8437046790616414   MSE: 0.8786764844549224
Fold 3:  Sitename:US-xAB R2 Score: -0.8427272995778241   MSE: 0.8784596675359314
Fold 4:  Sitename:US-xAE R2 Score: -0.8469262842571541   MSE: 0.8806642098333145
Fold 5:  Sitename:US-xBA R2 Score: -0.8521362048683376   MSE: 0.8795628332554654


Top 31 Features: ['YEAR' 'HOUR' 'TS_1_3_1' 'TS_1_7_1' 'TS_1_8_1' 'TS_2_1_1' 'TS_2_2_1'
 'TS_2_6_1' 'TS_2_7_1' 'TS_2_8_1' 'TS_2_9_1' 'TS_3_6_1' 'TS_3_7_1'
 'TS_3_9_1' 'TS_4_3_1' 'TS_4_6_1' 'TS_5_1_1' 'TS_5_2_1' 'TS_5_3_1'
 'TS_5_7_1' 'TS_5_8_1' 'PPFD.1' 'PPFD_OUT' 'PPFD_BC_IN_1_1_1'
 'PPFD_BC_IN_2_1_1' 'PPFD_BC_IN_3_1_1' 'Tair.1' 'Tair.4' 'NETRAD' 'Rh'
 'Rg']
Top 31 Scores:
Fold 1:  Sitename:PR-xGU R2 Score: -0.7343724460657743   MSE: 0.8611700745377641
Fold 2:  Sitename:PR-xLA R2 Score: -0.7291431077439519   MSE: 0.8588572012903918
Fold 3:  Sitename:US-xAB R2 Score: -0.7308924644523425   MSE: 0.8587375863695463
Fold 4:  Sitename:US-xAE R2 Score: -0.7337132001564906   MSE: 0.860900501221697
Fold 5:  Sitename:US-xBA R2 Score: -0.7382469424079028   MSE: 0.8597981170365921


Top 36 Features: ['YEAR' 'HOUR' 'TS_1_3_1' 'TS_1_7_1' 'TS_1_8_1' 'TS_2_1_1' 'TS_2_2_1'
 'TS_2_6_1' 'TS_2_7_1' 'TS_2_8_1' 'TS_2_9_1' 'TS_3_6_1' 'TS_3_7_1'
 'TS_3_8_1' 'TS_3_9_1' 'TS_4_1_1' 'TS_4_2_1' 'TS_4_3_1' 'TS_4_6_1'
 'TS_5_1_1' 'TS_5_2_1' 'TS_5_3_1' 'TS_5_7_1' 'TS_5_8_1' 'PPFD.1'
 'PPFD_OUT' 'PPFD_BC_IN_1_1_1' 'PPFD_BC_IN_2_1_1' 'PPFD_BC_IN_3_1_1'
 'Tair.1' 'Tair.3' 'Tair.4' 'NETRAD' 'Ustar' 'Rh' 'Rg']
Top 36 Scores:
Fold 1:  Sitename:PR-xGU R2 Score: -0.6557154571965471   MSE: 0.8461967402234075
Fold 2:  Sitename:PR-xLA R2 Score: -0.6510922781371018   MSE: 0.8441308388437125
Fold 3:  Sitename:US-xAB R2 Score: -0.652143469891906   MSE: 0.8437298802903528
Fold 4:  Sitename:US-xAE R2 Score: -0.6546602289498475   MSE: 0.8460075684422457
Fold 5:  Sitename:US-xBA R2 Score: -0.655871998314536   MSE: 0.8452079009521104
